Hit:1 https://packages.microsoft.com/repos/code stable InRelease
Hit:2 https://brave-browser-apt-release.s3.brave.com stable InRelease
Hit:3 https://download.docker.com/linux/ubuntu focal InRelease
Hit:4 https://apt.releases.hashicorp.com focal InRelease
Hit:5 https://linux.teamviewer.com/deb stable InRelease
Hit:6 https://deb.termius.com squeeze InRelease
Hit:7 http://security.ubuntu.com/ubuntu focal-security InRelease
Hit:8 http://ca.archive.ubuntu.com/ubuntu focal InRelease
Hit:9 http://ca.archive.ubuntu.com/ubuntu focal-updates InRelease
Hit:10 http://ca.archive.ubuntu.com/ubuntu focal-backports InRelease
Hit:11 http://ppa.launchpad.net/ansible/ansible/ubuntu focal InRelease
Hit:12 https://packages.zorinos.com/stable focal InRelease
Hit:13 http://ppa.launchpad.net/peek-developers/stable/ubuntu focal InRelease
Hit:14 http://ppa.launchpad.net/zorinos/apps/ubuntu focal InRelease
Hit:15 https://packages.zorinos.com/patches focal InRelease
Hit:16 http://ppa.launchpad.net/zorinos/drivers/ubuntu focal InRelease
Hit:18 https://packages.zorinos.com/apps focal InRelease
Hit:19 https://packages.zorinos.com/drivers focal InRelease
Hit:20 http://ppa.launchpad.net/zorinos/patches/ubuntu focal InRelease
Hit:17 https://packagecloud.io/slacktechnologies/slack/debian jessie InRelease
Hit:21 http://ppa.launchpad.net/zorinos/stable/ubuntu focal InRelease
Reading package lists...

=====Checking for updates=====
Reading package lists...
Building dependency tree...
Reading state information...
Calculating upgrade...
The following packages were automatically installed and are no longer required:
  dctrl-tools dkms docutils-common ieee-data libfuse3-3 libgsoap-2.8.91
  liblzf1 python3-argcomplete python3-botocore python3-dnspython
  python3-docutils python3-jinja2 python3-jmespath python3-kerberos
  python3-libcloud python3-netaddr python3-ntlm-auth python3-pyasn1
  python3-pygments python3-requests-kerberos python3-requests-ntlm
  python3-roman python3-rsa python3-s3transfer python3-selinux python3-winrm
  python3-xmltodict
Use 'sudo apt autoremove' to remove them.
The following packages have been kept back:
  linux-generic-hwe-20.04 linux-headers-generic-hwe-20.04
  linux-image-generic-hwe-20.04 xdg-desktop-portal
0 upgraded, 0 newly installed, 0 to remove and 4 not upgraded.

=====Applying system upgrades=====
Reading package lists...
Building dependency tree...
Reading state information...
ufw is already the newest version (0.36-6ubuntu1.1).
The following packages were automatically installed and are no longer required:
  dctrl-tools dkms docutils-common ieee-data libfuse3-3 libgsoap-2.8.91
  liblzf1 python3-argcomplete python3-botocore python3-dnspython
  python3-docutils python3-jinja2 python3-jmespath python3-kerberos
  python3-libcloud python3-netaddr python3-ntlm-auth python3-pyasn1
  python3-pygments python3-requests-kerberos python3-requests-ntlm
  python3-roman python3-rsa python3-s3transfer python3-selinux python3-winrm
  python3-xmltodict
Use 'sudo apt autoremove' to remove them.
0 upgraded, 0 newly installed, 0 to remove and 4 not upgraded.

=====Installing UFW Firewall=====
Resetting all rules to installed defaults. Proceed with operation (y|n)? Backing up 'user.rules' to '/etc/ufw/user.rules.20250416_134252'
Backing up 'before.rules' to '/etc/ufw/before.rules.20250416_134252'
Backing up 'after.rules' to '/etc/ufw/after.rules.20250416_134252'
Backing up 'user6.rules' to '/etc/ufw/user6.rules.20250416_134252'
Backing up 'before6.rules' to '/etc/ufw/before6.rules.20250416_134252'
Backing up 'after6.rules' to '/etc/ufw/after6.rules.20250416_134252'


=====Resetting UFW=====
Default incoming policy changed to 'deny'
(be sure to update your rules accordingly)

=====Set default deny incoming=====
Default outgoing policy changed to 'allow'
(be sure to update your rules accordingly)

=====Set default allow outgoing=====
Rules updated
Rules updated (v6)

=====Allowed SSH Port=====
Rules updated
Rules updated (v6)

=====Allowed SSH Port=====
Firewall is active and enabled on system startup

=====UFW activated & enabled on startup=====

=====Set max password age=====

=====Set min password age=====

=====Set password warning age=====

=====Disable root SSH login=====
Failed to reload ssh.service: Unit ssh.service not found.

=====Reload SSH service=====
